<?xml version="1.0" encoding="UTF-8"?>
<!-- Generated by org.testng.reporters.JUnitReportReporter -->
<testsuite hostname="DESKTOP-586L42N" failures="0" tests="2" name="TestNG.baseCassUtilization" time="36.087" errors="0" timestamp="2024-02-17T15:48:40 IST" skipped="0">
  <testcase classname="TestNG.baseCassUtilization" name="createCustomer" time="5.812"/>
  <system-out>
    <![CDATA[Creted Customer]]>
  </system-out>
  <testcase classname="TestNG.baseCassUtilization" name="modifyCustomer" time="30.275"/>
  <system-out>
    <![CDATA[customer modify]]>
  </system-out>
</testsuite> <!-- TestNG.baseCassUtilization -->
