<?xml version="1.0" encoding="UTF-8"?>
<!-- Generated by org.testng.reporters.JUnitReportReporter -->
<testsuite hostname="DESKTOP-586L42N" failures="0" tests="1" name="TestNG.takesScreenShot" time="9.747" errors="0" timestamp="2024-02-18T12:10:09 IST" skipped="0">
  <testcase classname="TestNG.takesScreenShot" name="getsS" time="9.747"/>
  <system-out/>
</testsuite> <!-- TestNG.takesScreenShot -->
