<?xml version="1.0" encoding="UTF-8"?>
<!-- Generated by org.testng.reporters.JUnitReportReporter -->
<testsuite hostname="DESKTOP-586L42N" failures="0" tests="7" name="TestNG.moonNG" time="0.016" errors="0" timestamp="2024-02-17T12:32:21 IST" skipped="0">
  <testcase classname="TestNG.moonNG" name="customerDeleted" time="0.001"/>
  <system-out>
    <![CDATA[Customer Deleted]]>
  </system-out>
  <testcase classname="TestNG.moonNG" name="ModifyCustomer" time="0.003"/>
  <system-out>
    <![CDATA[Customer Modify]]>
  </system-out>
  <testcase classname="TestNG.moonNG" name="createdCustomer" time="0.002"/>
  <system-out>
    <![CDATA[Customer created]]>
  </system-out>
  <testcase classname="TestNG.moonNG" name="createdCustomer" time="0.004"/>
  <system-out>
    <![CDATA[Customer created]]>
  </system-out>
  <testcase classname="TestNG.moonNG" name="createdCustomer" time="0.001"/>
  <system-out>
    <![CDATA[Customer created]]>
  </system-out>
  <testcase classname="TestNG.moonNG" name="createdCustomer" time="0.001"/>
  <system-out>
    <![CDATA[Customer created]]>
  </system-out>
  <testcase classname="TestNG.moonNG" name="createdCustomer" time="0.004"/>
  <system-out>
    <![CDATA[Customer created]]>
  </system-out>
</testsuite> <!-- TestNG.moonNG -->
