<?xml version="1.0" encoding="UTF-8"?>
<!-- Generated by org.testng.reporters.JUnitReportReporter -->
<testsuite hostname="DESKTOP-586L42N" failures="0" tests="1" name="TestNG.Annotations" time="0.009" errors="0" timestamp="2024-02-17T14:00:43 IST" skipped="0">
  <testcase classname="TestNG.Annotations" name="createCustomer" time="0.009"/>
  <system-out>
    <![CDATA[custommer created successfuly]]>
  </system-out>
</testsuite> <!-- TestNG.Annotations -->
