<?xml version="1.0" encoding="UTF-8"?>
<!-- Generated by org.testng.reporters.JUnitReportReporter -->
<testsuite hostname="DESKTOP-586L42N" failures="0" tests="7" name="TestNG.createCustomer" time="0.041" errors="0" timestamp="2024-02-17T12:32:22 IST" skipped="0">
  <testcase classname="TestNG.createCustomer" name="customerDeleted" time="0.012"/>
  <system-out>
    <![CDATA[Customer Deleted]]>
  </system-out>
  <testcase classname="TestNG.createCustomer" name="ModifyCustomer" time="0.002"/>
  <system-out>
    <![CDATA[Customer Modify]]>
  </system-out>
  <testcase classname="TestNG.createCustomer" name="createdCustomer" time="0.003"/>
  <system-out>
    <![CDATA[Customer created]]>
  </system-out>
  <testcase classname="TestNG.createCustomer" name="createdCustomer" time="0.003"/>
  <system-out>
    <![CDATA[Customer created]]>
  </system-out>
  <testcase classname="TestNG.createCustomer" name="createdCustomer" time="0.008"/>
  <system-out>
    <![CDATA[Customer created]]>
  </system-out>
  <testcase classname="TestNG.createCustomer" name="createdCustomer" time="0.010"/>
  <system-out>
    <![CDATA[Customer created]]>
  </system-out>
  <testcase classname="TestNG.createCustomer" name="createdCustomer" time="0.003"/>
  <system-out>
    <![CDATA[Customer created]]>
  </system-out>
</testsuite> <!-- TestNG.createCustomer -->
